[08Mar2026 00:00:25.920] [Server thread/INFO] [net.minecraft.server.network.ServerGamePacketListenerImpl/]: Fernanby2002 lost connection: Disconnected
[08Mar2026 00:00:25.931] [Server thread/INFO] [net.minecraft.server.MinecraftServer/]: Fernanby2002 left the game
[08Mar2026 00:00:25.935] [Server thread/INFO] [xaero.pac.OpenPartiesAndClaims/]: Updating all forceload tickets for 4eb027af-6248-3a39-9b96-eb59d7727a95
[08Mar2026 00:00:25.935] [Server thread/INFO] [voicechat/]: [voicechat] Disconnecting client Fernanby2002
[08Mar2026 00:00:37.764] [Server thread/INFO] [net.minecraft.server.MinecraftServer/]: Lawrencexf has made the advancement [Local Brewery]
[08Mar2026 00:00:54.098] [Server thread/INFO] [net.minecraft.server.players.PlayerList/]: Fernanby2002[/127.234.158.32:35933] logged in with entity id 73904 at (1324.9012916378565, 64.0, 919.6356496103099)
[08Mar2026 00:00:54.105] [Server thread/INFO] [net.minecraft.server.MinecraftServer/]: Fernanby2002 joined the game
[08Mar2026 00:00:54.164] [Server thread/INFO] [xaero.pac.OpenPartiesAndClaims/]: Updating all forceload tickets for 4eb027af-6248-3a39-9b96-eb59d7727a95
[08Mar2026 00:00:54.636] [Server thread/INFO] [voicechat/]: [voicechat] Received secret request of Fernanby2002 (20)
[08Mar2026 00:00:54.640] [Server thread/INFO] [voicechat/]: [voicechat] Sent secret to Fernanby2002
[08Mar2026 00:01:12.353] [Server thread/INFO] [net.minecraft.server.MinecraftServer/]: [Not Secure] <PatoManip> JAJAJA y de paso dice mal optimizado
[08Mar2026 00:01:17.360] [Server thread/INFO] [net.minecraft.server.MinecraftServer/]: [Not Secure] <Fernanby2002> donde estas pato
[08Mar2026 00:01:25.335] [Server thread/INFO] [net.minecraft.server.MinecraftServer/]: [PatoManip: Teleported PatoManip to Fernanby2002]
[08Mar2026 00:01:31.557] [Server thread/INFO] [net.minecraft.server.MinecraftServer/]: [Not Secure] <PatoManip> VEN
[08Mar2026 00:01:32.996] [Server thread/INFO] [net.minecraft.server.MinecraftServer/]: [Not Secure] <PatoManip> DOWN
[08Mar2026 00:01:33.103] [Server thread/WARN] [net.minecraft.server.MinecraftServer/]: Can't keep up! Is the server overloaded? Running 2006ms or 40 ticks behind
[08Mar2026 00:01:50.982] [Server thread/INFO] [net.minecraft.server.network.ServerGamePacketListenerImpl/]: Fernanby2002 lost connection: Timed out
[08Mar2026 00:01:50.982] [Server thread/INFO] [net.minecraft.server.MinecraftServer/]: Fernanby2002 left the game
[08Mar2026 00:01:50.983] [Server thread/INFO] [xaero.pac.OpenPartiesAndClaims/]: Updating all forceload tickets for 4eb027af-6248-3a39-9b96-eb59d7727a95
[08Mar2026 00:01:50.983] [Server thread/INFO] [voicechat/]: [voicechat] Disconnecting client Fernanby2002
[08Mar2026 00:01:53.389] [Server thread/INFO] [net.minecraft.server.MinecraftServer/]: [PatoManip: Teleported Sodio to DrDuumboZ]
[08Mar2026 00:01:59.076] [Server thread/INFO] [net.minecraft.server.MinecraftServer/]: [Not Secure] <PatoManip> DIOS
[08Mar2026 00:02:12.439] [Server thread/INFO] [net.minecraft.server.MinecraftServer/]: [Not Secure] <PatoManip> y si fernan se queda en la base
[08Mar2026 00:02:19.386] [Server thread/INFO] [net.minecraft.server.MinecraftServer/]: [Not Secure] <PatoManip> y vamos yo y sodio a lootear
[08Mar2026 00:02:25.229] [Server thread/INFO] [net.minecraft.server.MinecraftServer/]: [Not Secure] <PatoManip> dun geons
[08Mar2026 00:02:40.709] [Server thread/WARN] [net.minecraft.server.MinecraftServer/]: Can't keep up! Is the server overloaded? Running 2112ms or 42 ticks behind
[08Mar2026 00:02:42.228] [Server thread/INFO] [net.minecraft.server.MinecraftServer/]: [Not Secure] <PatoManip> era un modpack
[08Mar2026 00:02:48.313] [Server thread/INFO] [net.minecraft.server.MinecraftServer/]: [Not Secure] <PatoManip> supongo que vendran dungeons
[08Mar2026 00:03:41.233] [Server thread/INFO] [net.minecraft.server.players.PlayerList/]: Fernanby2002[/127.234.158.32:45129] logged in with entity id 76483 at (1338.1119242700324, 66.0, 890.8120149320744)
[08Mar2026 00:03:41.240] [Server thread/INFO] [net.minecraft.server.MinecraftServer/]: Fernanby2002 joined the game
[08Mar2026 00:03:41.295] [Server thread/INFO] [xaero.pac.OpenPartiesAndClaims/]: Updating all forceload tickets for 4eb027af-6248-3a39-9b96-eb59d7727a95
[08Mar2026 00:03:41.770] [Server thread/INFO] [voicechat/]: [voicechat] Received secret request of Fernanby2002 (20)
[08Mar2026 00:03:41.770] [Server thread/INFO] [voicechat/]: [voicechat] Sent secret to Fernanby2002
[08Mar2026 00:03:43.656] [Server thread/WARN] [net.minecraft.server.MinecraftServer/]: Can't keep up! Is the server overloaded? Running 2209ms or 44 ticks behind
[08Mar2026 00:03:50.615] [Server thread/INFO] [net.minecraft.server.MinecraftServer/]: [Not Secure] <PatoManip> aparte de roblox
[08Mar2026 00:04:01.735] [Server thread/WARN] [net.minecraft.server.MinecraftServer/]: Can't keep up! Is the server overloaded? Running 3088ms or 61 ticks behind
[08Mar2026 00:04:11.688] [Server thread/INFO] [net.minecraft.server.MinecraftServer/]: [Not Secure] <Lawrencexf> XD
[08Mar2026 00:04:17.484] [Server thread/INFO] [net.minecraft.server.MinecraftServer/]: [PatoManip: Teleported Fernanby2002 to PatoManip]
[08Mar2026 00:04:20.762] [Server thread/WARN] [net.minecraft.server.MinecraftServer/]: Can't keep up! Is the server overloaded? Running 4065ms or 81 ticks behind
[08Mar2026 00:04:22.123] [Server thread/INFO] [net.minecraft.server.network.ServerGamePacketListenerImpl/]: Fernanby2002 lost connection: Timed out
[08Mar2026 00:04:22.123] [Server thread/INFO] [net.minecraft.server.MinecraftServer/]: Fernanby2002 left the game
[08Mar2026 00:04:22.123] [Server thread/INFO] [xaero.pac.OpenPartiesAndClaims/]: Updating all forceload tickets for 4eb027af-6248-3a39-9b96-eb59d7727a95
[08Mar2026 00:04:22.124] [Server thread/INFO] [voicechat/]: [voicechat] Disconnecting client Fernanby2002
[08Mar2026 00:04:29.793] [Server thread/INFO] [net.minecraft.server.MinecraftServer/]: [Not Secure] <PatoManip> el mob ese negro
[08Mar2026 00:04:33.543] [Server thread/INFO] [net.minecraft.server.MinecraftServer/]: [Not Secure] <PatoManip> y por fernan
[08Mar2026 00:04:36.716] [Server thread/INFO] [net.minecraft.server.MinecraftServer/]: [Not Secure] <PatoManip> que lo llevo ahi
[08Mar2026 00:04:40.351] [Server thread/WARN] [net.minecraft.server.MinecraftServer/]: Can't keep up! Is the server overloaded? Running 2005ms or 40 ticks behind
[08Mar2026 00:04:45.832] [Server thread/INFO] [net.minecraft.server.MinecraftServer/]: [Not Secure] <Lawrencexf> XDDDDDD
[08Mar2026 00:04:57.882] [Server thread/INFO] [net.minecraft.server.MinecraftServer/]: [Not Secure] <PatoManip> lawleit andas ocupado
[08Mar2026 00:05:04.000] [Server thread/INFO] [net.minecraft.server.MinecraftServer/]: < > ?olleH
[08Mar2026 00:05:05.736] [Server thread/INFO] [net.minecraft.server.MinecraftServer/]: [Not Secure] <Lawrencexf> si
[08Mar2026 00:05:08.673] [Server thread/INFO] [net.minecraft.server.MinecraftServer/]: < > ?yhW
[08Mar2026 00:05:08.796] [Server thread/INFO] [net.minecraft.server.MinecraftServer/]: [Not Secure] <PatoManip> ok
[08Mar2026 00:05:21.119] [Server thread/WARN] [net.minecraft.server.network.ServerGamePacketListenerImpl/]: PatoManip moved too quickly! -9.671618741384691,-2.0146178540372404,-2.151071228631963
[08Mar2026 00:05:21.123] [Server thread/INFO] [net.minecraft.server.MinecraftServer/]: [Not Secure] <Lawrencexf> estoy haciendome una espada blanca
[08Mar2026 00:05:21.127] [Server thread/WARN] [net.minecraft.server.MinecraftServer/]: Can't keep up! Is the server overloaded? Running 2830ms or 56 ticks behind
[08Mar2026 00:05:57.299] [Server thread/WARN] [net.minecraft.server.MinecraftServer/]: Can't keep up! Is the server overloaded? Running 2003ms or 40 ticks behind
[08Mar2026 00:06:00.581] [Server thread/WARN] [net.minecraft.server.level.ServerPlayerGameMode/]: Mismatch in destroy block pos: BlockPos{x=929, y=67, z=1251} BlockPos{x=930, y=65, z=1251}
[08Mar2026 00:06:00.638] [Server thread/WARN] [net.minecraft.server.level.ServerPlayerGameMode/]: Mismatch in destroy block pos: BlockPos{x=929, y=67, z=1251} BlockPos{x=930, y=65, z=1251}
[08Mar2026 00:06:29.311] [Server thread/WARN] [net.minecraft.server.level.ServerPlayerGameMode/]: Mismatch in destroy block pos: BlockPos{x=830, y=65, z=1262} BlockPos{x=830, y=63, z=1261}
[08Mar2026 00:06:29.356] [Server thread/WARN] [net.minecraft.server.level.ServerPlayerGameMode/]: Mismatch in destroy block pos: BlockPos{x=830, y=65, z=1262} BlockPos{x=830, y=63, z=1261}
[08Mar2026 00:06:29.971] [Server thread/WARN] [net.minecraft.server.level.ServerPlayerGameMode/]: Mismatch in destroy block pos: BlockPos{x=828, y=65, z=1265} BlockPos{x=830, y=63, z=1264}
[08Mar2026 00:06:30.489] [Server thread/WARN] [net.minecraft.server.level.ServerPlayerGameMode/]: Mismatch in destroy block pos: BlockPos{x=826, y=65, z=1265} BlockPos{x=827, y=63, z=1265}
[08Mar2026 00:06:30.533] [Server thread/WARN] [net.minecraft.server.level.ServerPlayerGameMode/]: Mismatch in destroy block pos: BlockPos{x=826, y=65, z=1265} BlockPos{x=827, y=63, z=1265}
[08Mar2026 00:06:30.575] [Server thread/WARN] [net.minecraft.server.level.ServerPlayerGameMode/]: Mismatch in destroy block pos: BlockPos{x=826, y=66, z=1265} BlockPos{x=827, y=63, z=1265}
[08Mar2026 00:06:30.624] [Server thread/WARN] [net.minecraft.server.level.ServerPlayerGameMode/]: Mismatch in destroy block pos: BlockPos{x=826, y=66, z=1265} BlockPos{x=827, y=63, z=1265}
[08Mar2026 00:06:30.671] [Server thread/WARN] [net.minecraft.server.level.ServerPlayerGameMode/]: Mismatch in destroy block pos: BlockPos{x=826, y=66, z=1265} BlockPos{x=827, y=63, z=1265}
[08Mar2026 00:06:31.071] [Server thread/WARN] [net.minecraft.server.level.ServerPlayerGameMode/]: Mismatch in destroy block pos: BlockPos{x=825, y=65, z=1264} BlockPos{x=825, y=63, z=1264}
[08Mar2026 00:06:33.458] [Server thread/WARN] [net.minecraft.server.level.ServerPlayerGameMode/]: Mismatch in destroy block pos: BlockPos{x=816, y=65, z=1262} BlockPos{x=816, y=63, z=1261}
[08Mar2026 00:06:33.550] [Server thread/WARN] [net.minecraft.server.level.ServerPlayerGameMode/]: Mismatch in destroy block pos: BlockPos{x=816, y=65, z=1262} BlockPos{x=816, y=63, z=1261}
[08Mar2026 00:07:02.125] [Server thread/INFO] [net.minecraft.server.MinecraftServer/]: [Not Secure] <Lawrencexf> ez
[08Mar2026 00:07:02.677] [Server thread/INFO] [net.minecraft.server.MinecraftServer/]: [Not Secure] <Lawrencexf> ez
[08Mar2026 00:07:03.537] [Server thread/INFO] [net.minecraft.server.MinecraftServer/]: [Not Secure] <Lawrencexf> ez
[08Mar2026 00:07:05.410] [Server thread/INFO] [net.minecraft.server.MinecraftServer/]: Lawrencexf has reached the goal [You Need a Mint]
[08Mar2026 00:07:10.361] [Server thread/WARN] [net.minecraft.server.MinecraftServer/]: Can't keep up! Is the server overloaded? Running 2014ms or 40 ticks behind
[08Mar2026 00:07:33.838] [Server thread/INFO] [net.minecraft.server.MinecraftServer/]: [Not Secure] <Sodio> mano levantada al que piense que frisk usa hacks y toca sacarlo
[08Mar2026 00:07:44.454] [Server thread/INFO] [net.minecraft.server.MinecraftServer/]: [Not Secure] <Sodio> apoyo
[08Mar2026 00:07:45.406] [Server thread/WARN] [net.minecraft.server.level.ServerPlayerGameMode/]: Mismatch in destroy block pos: BlockPos{x=706, y=64, z=1255} BlockPos{x=706, y=62, z=1256}
[08Mar2026 00:07:45.417] [Server thread/WARN] [net.minecraft.server.level.ServerPlayerGameMode/]: Mismatch in destroy block pos: BlockPos{x=706, y=64, z=1255} BlockPos{x=706, y=62, z=1256}
[08Mar2026 00:07:47.522] [Server thread/INFO] [net.minecraft.server.MinecraftServer/]: [PatoManip: Teleported PatoManip to Sodio]
[08Mar2026 00:08:21.536] [Server thread/INFO] [net.minecraft.server.MinecraftServer/]: [Not Secure] <PatoManip> y si cam biamos de casa
[08Mar2026 00:08:24.693] [Server thread/INFO] [net.minecraft.server.MinecraftServer/]: [Not Secure] <PatoManip> pura mierda esta
[08Mar2026 00:08:25.991] [Server thread/INFO] [net.minecraft.server.MinecraftServer/]: [Not Secure] <PatoManip> la verdad
[08Mar2026 00:08:43.332] [Server thread/INFO] [net.minecraft.server.MinecraftServer/]: [Not Secure] <PatoManip> que quieres que haga si hay mas de 500 casas
[08Mar2026 00:08:51.839] [Server thread/INFO] [net.minecraft.server.MinecraftServer/]: [Not Secure] <Lawrencexf> AAAAAAAAAAAA
[08Mar2026 00:08:52.781] [Server thread/INFO] [net.minecraft.server.network.ServerGamePacketListenerImpl/]: Lawrencexf lost connection: Disconnected
[08Mar2026 00:08:52.781] [Server thread/INFO] [net.minecraft.server.MinecraftServer/]: Lawrencexf left the game
[08Mar2026 00:08:52.782] [Server thread/INFO] [xaero.pac.OpenPartiesAndClaims/]: Updating all forceload tickets for e6f632f1-a64e-3f12-96eb-f7ab3681391b
[08Mar2026 00:08:52.782] [Server thread/INFO] [voicechat/]: [voicechat] Disconnecting client Lawrencexf
[08Mar2026 00:09:32.821] [Server thread/INFO] [net.minecraft.server.network.ServerLoginPacketListenerImpl/]: com.mojang.authlib.GameProfile@498a4b12[id=<null>,name=Lawrencexf,properties={},legacy=false] (/127.179.33.132:35417) lost connection: Disconnected
[08Mar2026 00:09:34.346] [Server thread/INFO] [net.minecraft.server.MinecraftServer/]: [Not Secure] <PatoManip> bro lo negro es del infierno y lo blanco del cielo
[08Mar2026 00:09:42.190] [Server thread/INFO] [net.minecraft.server.players.PlayerList/]: Lawrencexf[/127.179.33.132:45201] logged in with entity id 82266 at (811.1374999880791, 4.125, 769.7465475150792)
[08Mar2026 00:09:42.197] [Server thread/INFO] [net.minecraft.server.MinecraftServer/]: Lawrencexf joined the game
[08Mar2026 00:09:42.212] [Server thread/INFO] [xaero.pac.OpenPartiesAndClaims/]: Updating all forceload tickets for e6f632f1-a64e-3f12-96eb-f7ab3681391b
[08Mar2026 00:09:42.930] [Server thread/INFO] [voicechat/]: [voicechat] Received secret request of Lawrencexf (20)
[08Mar2026 00:09:42.930] [Server thread/INFO] [voicechat/]: [voicechat] Sent secret to Lawrencexf
[08Mar2026 00:10:35.586] [Server thread/INFO] [net.minecraft.server.MinecraftServer/]: [PatoManip: Set the weather to clear]
[08Mar2026 00:10:50.217] [Server thread/WARN] [net.minecraft.server.MinecraftServer/]: Can't keep up! Is the server overloaded? Running 14620ms or 292 ticks behind
[08Mar2026 00:10:50.480] [Server thread/WARN] [net.minecraft.server.network.ServerGamePacketListenerImpl/]: PatoManip moved too quickly! 9.928937506807188,1.1142592750642422,-2.4402324170729344
[08Mar2026 00:10:50.718] [Server thread/INFO] [net.minecraft.server.MinecraftServer/]: [PatoManip: Set the weather to clear]
[08Mar2026 00:11:03.656] [Server thread/INFO] [net.minecraft.server.players.PlayerList/]: Fernanby2002[/127.234.158.32:37035] logged in with entity id 82937 at (1144.9040012048306, 75.0, 1201.055637973385)
[08Mar2026 00:11:03.672] [Server thread/INFO] [net.minecraft.server.MinecraftServer/]: Fernanby2002 joined the game
[08Mar2026 00:11:03.704] [Server thread/INFO] [xaero.pac.OpenPartiesAndClaims/]: Updating all forceload tickets for 4eb027af-6248-3a39-9b96-eb59d7727a95
[08Mar2026 00:11:04.810] [Server thread/WARN] [dev.gigaherz.eyes.EyesSpawningManager/]: WARNING: Unexpectedly long spawn cycle. It ran for 197.453ms!
[08Mar2026 00:11:06.671] [Server thread/INFO] [voicechat/]: [voicechat] Received secret request of Fernanby2002 (20)
[08Mar2026 00:11:06.672] [Server thread/INFO] [voicechat/]: [voicechat] Sent secret to Fernanby2002
[08Mar2026 00:11:10.929] [Server thread/WARN] [net.minecraft.server.MinecraftServer/]: Can't keep up! Is the server overloaded? Running 5733ms or 114 ticks behind
[08Mar2026 00:11:24.850] [Server thread/INFO] [net.minecraft.server.MinecraftServer/]: [Not Secure] <PatoManip> -matar bicho negro
[08Mar2026 00:11:24.934] [Server thread/INFO] [net.minecraft.server.MinecraftServer/]: Sodio was slain by Man From The Fog
[08Mar2026 00:11:42.931] [Server thread/WARN] [net.minecraft.server.MinecraftServer/]: Can't keep up! Is the server overloaded? Running 2334ms or 46 ticks behind
[08Mar2026 00:11:49.161] [Server thread/INFO] [net.minecraft.server.network.ServerGamePacketListenerImpl/]: Fernanby2002 lost connection: Timed out
[08Mar2026 00:11:49.161] [Server thread/INFO] [net.minecraft.server.MinecraftServer/]: Fernanby2002 left the game
[08Mar2026 00:11:49.163] [Server thread/INFO] [xaero.pac.OpenPartiesAndClaims/]: Updating all forceload tickets for 4eb027af-6248-3a39-9b96-eb59d7727a95
[08Mar2026 00:11:49.163] [Server thread/INFO] [voicechat/]: [voicechat] Disconnecting client Fernanby2002
[08Mar2026 00:11:52.089] [Server thread/INFO] [net.minecraft.server.MinecraftServer/]: [PatoManip: Teleported Sodio to PatoManip]
[08Mar2026 00:12:32.986] [Server thread/INFO] [net.minecraft.server.MinecraftServer/]: [Not Secure] <PatoManip> oye
[08Mar2026 00:12:37.033] [Server thread/INFO] [net.minecraft.server.MinecraftServer/]: [Not Secure] <PatoManip> nos pasaremos el mco que
[08Mar2026 00:13:33.878] [Server thread/INFO] [net.minecraft.server.MinecraftServer/]: [Not Secure] <PatoManip> y para cuando un mundo de zombies
[08Mar2026 00:13:45.783] [Server thread/INFO] [net.minecraft.server.MinecraftServer/]: [Not Secure] <Lawrencexf> Y para cuando me dan los 3 diamantes q consegui antes
[08Mar2026 00:14:53.582] [Server thread/INFO] [net.minecraft.server.MinecraftServer/]: [Not Secure] <Lawrencexf> ok sodio
[08Mar2026 00:15:42.979] [Server thread/INFO] [net.minecraft.server.MinecraftServer/]: PatoManip has reached the goal [Plant Food]
[08Mar2026 00:16:25.973] [Server thread/INFO] [net.minecraft.server.MinecraftServer/]: PatoManip was slain by Man From The Fog
[08Mar2026 00:17:07.847] [Server thread/INFO] [com.lgow.endofherobrine.entity.herobrine.AbstractHerobrine/]: BUILDER spawned at BlockPos{x=1335, y=70, z=837}
[08Mar2026 00:17:13.231] [Server thread/INFO] [net.minecraft.server.MinecraftServer/]: [Not Secure] <PatoManip> DUMBO
[08Mar2026 00:17:13.830] [Server thread/INFO] [net.minecraft.server.MinecraftServer/]: [Not Secure] <PatoManip> MIRA
[08Mar2026 00:17:15.240] [Server thread/INFO] [net.minecraft.server.MinecraftServer/]: [Not Secure] <PatoManip> RAPIDO
[08Mar2026 00:17:21.630] [Server thread/INFO] [net.minecraft.server.MinecraftServer/]: [Not Secure] <PatoManip> DESAPARECIO
[08Mar2026 00:17:23.330] [Server thread/INFO] [net.minecraft.server.MinecraftServer/]: [Not Secure] <PatoManip> TOME CAP
[08Mar2026 00:17:24.430] [Server thread/INFO] [net.minecraft.server.MinecraftServer/]: [Not Secure] <PatoManip> mira
[08Mar2026 00:18:34.727] [Server thread/INFO] [net.minecraft.server.MinecraftServer/]: Sodio has made the advancement [Crops of the Wild]
[08Mar2026 00:19:23.987] [Server thread/INFO] [net.minecraft.server.MinecraftServer/]: DrDuumboZ has made the advancement [Crops of the Wild]
[08Mar2026 00:19:34.646] [Server thread/INFO] [net.minecraft.server.MinecraftServer/]: [Not Secure] <PatoManip> yo diria que cuando veulvas a prender stream unos vaayna a lootear las dungeons
[08Mar2026 00:20:24.841] [Server thread/INFO] [net.minecraft.server.network.ServerGamePacketListenerImpl/]: Lawrencexf lost connection: Disconnected
[08Mar2026 00:20:24.841] [Server thread/INFO] [net.minecraft.server.MinecraftServer/]: Lawrencexf left the game
[08Mar2026 00:20:24.842] [Server thread/INFO] [xaero.pac.OpenPartiesAndClaims/]: Updating all forceload tickets for e6f632f1-a64e-3f12-96eb-f7ab3681391b
[08Mar2026 00:20:24.842] [Server thread/INFO] [voicechat/]: [voicechat] Disconnecting client Lawrencexf
[08Mar2026 00:20:33.280] [Server thread/INFO] [net.minecraft.server.players.PlayerList/]: Lawrencexf[/127.179.33.132:52945] logged in with entity id 87117 at (799.6828509613334, 0.0, 750.4451580510997)
[08Mar2026 00:20:33.287] [Server thread/INFO] [net.minecraft.server.MinecraftServer/]: Lawrencexf joined the game
[08Mar2026 00:20:33.293] [Server thread/INFO] [xaero.pac.OpenPartiesAndClaims/]: Updating all forceload tickets for e6f632f1-a64e-3f12-96eb-f7ab3681391b
[08Mar2026 00:20:33.899] [Server thread/INFO] [voicechat/]: [voicechat] Received secret request of Lawrencexf (20)
[08Mar2026 00:20:33.899] [Server thread/INFO] [voicechat/]: [voicechat] Sent secret to Lawrencexf
[08Mar2026 00:21:32.730] [Server thread/INFO] [net.minecraft.server.MinecraftServer/]: PatoManip has made the advancement [Crops of the Wild]
